#
# A fatal error has been detected by the Java Runtime Environment:
#
#  EXCEPTION_ACCESS_VIOLATION (0xc0000005) at pc=0x00000000294cf50b, pid=3300, tid=3624
#
# JRE version: 6.0_17-b04
# Java VM: Java HotSpot(TM) 64-Bit Server VM (14.3-b01 mixed mode windows-amd64 )
# Problematic frame:
# 
[error occurred during error reporting (printing problematic frame), id 0xc0000005]

# If you would like to submit a bug report, please visit:
#   http://java.sun.com/webapps/bugreport/crash.jsp
#

---------------  T H R E A D  ---------------

Current thread (0x000000000f32c000):  JavaThread "AWT-EventQueue-0" [_thread_in_Java, id=3624, stack(0x00000000253e0000,0x0000000025460000)]

siginfo: ExceptionCode=0xc0000005, reading address 0x000000012e670530

Registers:
EAX=0x000000002ef9d4a8, EBX=0x000000002e670570, ECX=0x000000000000acf1, EDX=0x000000002e671800
ESP=0x000000002545ec10, EBP=0x000000002545ec50, ESI=0x000000003dbf5a10, EDI=0x000000003dbf5af8
EIP=0x00000000294cf50b, EFLAGS=0x0000000000010246

Top of Stack: (sp=0x000000002545ec10)
0x000000002545ec10:   000000002545ec10 000000012e670530
0x000000002545ec20:   000000002545ec78 000000002e671800
0x000000002545ec30:   000000002ef9d4a8 000000002e670570
0x000000002545ec40:   0000000000000000 000000002545ec70
0x000000002545ec50:   000000002545ecc0 00000000294c589a
0x000000002545ec60:   0000000000000000 0000000000000000
0x000000002545ec70:   000000003579b818 000000003dbf5aa0
0x000000002545ec80:   000000002545ec80 000000002e668aea
0x000000002545ec90:   000000002545ecd0 000000002e66a8c0
0x000000002545eca0:   00000000309151a8 000000002e668af8
0x000000002545ecb0:   000000002545ec70 000000002545ecd0
0x000000002545ecc0:   000000002545ed18 00000000294c589a
0x000000002545ecd0:   000000003579b818 000000002545ecd8
0x000000002545ece0:   000000002e589a3d 000000002545ed40
0x000000002545ecf0:   000000002ef680e0 0000000000000000
0x000000002545ed00:   000000002e589a68 000000002545ecd0 

Instructions: (pc=0x00000000294cf50b)
0x00000000294cf4fb:   c4 08 e9 05 00 00 00 e8 09 c8 78 4f 48 83 c4 20
0x00000000294cf50b:   41 0f b6 5d 00 49 ba c0 2c e6 78 00 00 00 00 41 


Stack: [0x00000000253e0000,0x0000000025460000],  sp=0x000000002545ec10,  free space=507k
Native frames: (J=compiled Java code, j=interpreted, Vv=VM code, C=native code)

[error occurred during error reporting (printing native stack), id 0xc0000005]


---------------  P R O C E S S  ---------------

Java Threads: ( => current thread )
  0x000000000fb2f800 JavaThread "Code Analyzer updating thread" [_thread_blocked, id=5888, stack(0x0000000028d00000,0x0000000028d80000)]
  0x000000000fb2d000 JavaThread "AddressBar directory emptiness poller" [_thread_blocked, id=4104, stack(0x0000000028c60000,0x0000000028ce0000)]
  0x000000000fb2c800 JavaThread "Timer queue for AWT thread" daemon [_thread_blocked, id=7752, stack(0x00000000286f0000,0x0000000028770000)]
  0x000000000fb28000 JavaThread "Code Analyzer updating thread" [_thread_blocked, id=2208, stack(0x0000000028640000,0x00000000286c0000)]
  0x000000000fb27800 JavaThread "pool-7-thread-1" [_thread_blocked, id=3808, stack(0x0000000026d10000,0x0000000026d90000)]
  0x000000000fb29000 JavaThread "Code Analyzer updating thread" [_thread_blocked, id=8144, stack(0x0000000026c70000,0x0000000026cf0000)]
  0x000000000f331800 JavaThread "Prefs Updater" daemon [_thread_blocked, id=6308, stack(0x0000000026bb0000,0x0000000026c30000)]
  0x000000000f32d800 JavaThread "pool-6-thread-1" [_thread_blocked, id=6344, stack(0x0000000025950000,0x00000000259d0000)]
  0x000000000fb26000 JavaThread "Code Analyzer updating thread" [_thread_blocked, id=1648, stack(0x000000004f8b0000,0x000000004f930000)]
  0x000000000fb25800 JavaThread "Code Analyzer updating thread" [_thread_blocked, id=1596, stack(0x000000004f960000,0x000000004f9e0000)]
  0x000000000fb24800 JavaThread "Code Analyzer updating thread" [_thread_blocked, id=4992, stack(0x000000004f7a0000,0x000000004f820000)]
  0x000000000fb24000 JavaThread "Code Analyzer updating thread" [_thread_blocked, id=2836, stack(0x000000004f830000,0x000000004f8b0000)]
  0x000000000f332800 JavaThread "Code Analyzer updating thread" [_thread_blocked, id=4468, stack(0x000000004f710000,0x000000004f790000)]
  0x000000000f332000 JavaThread "Timer-3" [_thread_blocked, id=6124, stack(0x000000004f660000,0x000000004f6e0000)]
  0x000000000f330800 JavaThread "Code Analyzer updating thread" [_thread_blocked, id=7264, stack(0x000000004fb10000,0x000000004fb90000)]
  0x000000000f330000 JavaThread "Active Reference Queue Daemon" daemon [_thread_blocked, id=2224, stack(0x000000000e080000,0x000000000e100000)]
  0x000000000f32f000 JavaThread "Timer-2" daemon [_thread_blocked, id=7300, stack(0x000000004d3a0000,0x000000004d420000)]
  0x000000000f32e800 JavaThread "Timer-1" daemon [_thread_blocked, id=5348, stack(0x000000004d460000,0x000000004d4e0000)]
  0x000000000f32d000 JavaThread "TimerQueue" daemon [_thread_blocked, id=4692, stack(0x000000000d120000,0x000000000d1a0000)]
=>0x000000000f32c000 JavaThread "AWT-EventQueue-0" [_thread_in_Java, id=3624, stack(0x00000000253e0000,0x0000000025460000)]
  0x000000000f32b800 JavaThread "AWT-Shutdown" [_thread_blocked, id=7316, stack(0x0000000021220000,0x00000000212a0000)]
  0x000000000f618000 JavaThread "FelixPackageAdmin" daemon [_thread_blocked, id=5196, stack(0x000000000d560000,0x000000000d5e0000)]
  0x000000000f617000 JavaThread "FelixStartLevel" daemon [_thread_blocked, id=2680, stack(0x000000000d240000,0x000000000d2c0000)]
  0x000000000f616800 JavaThread "FelixDispatchQueue" daemon [_thread_blocked, id=2928, stack(0x0000000019090000,0x0000000019110000)]
  0x000000000f179800 JavaThread "com.google.common.base.internal.Finalizer" daemon [_thread_blocked, id=7704, stack(0x0000000014fc0000,0x0000000015040000)]
  0x000000000f111800 JavaThread "AWT-Windows" daemon [_thread_in_native, id=4936, stack(0x000000000d1b0000,0x000000000d230000)]
  0x000000000f110000 JavaThread "Java2D Disposer" daemon [_thread_blocked, id=3712, stack(0x000000000d350000,0x000000000d3d0000)]
  0x000000000ef68800 JavaThread "Timer-0" [_thread_blocked, id=6900, stack(0x0000000010ee0000,0x0000000010f60000)]
  0x000000000ed05000 JavaThread "EventMgr Dispatcher" daemon [_thread_in_native, id=3420, stack(0x0000000010fb0000,0x0000000014fb0000)]
  0x000000000e318800 JavaThread "Low Memory Detector" daemon [_thread_blocked, id=7128, stack(0x0000000008480000,0x0000000008500000)]
  0x000000000e312000 JavaThread "CompilerThread1" daemon [_thread_blocked, id=3580, stack(0x00000000882c0000,0x000000008c2c0000)]
  0x000000000e30b800 JavaThread "CompilerThread0" daemon [_thread_blocked, id=7020, stack(0x0000000084140000,0x0000000088140000)]
  0x000000000e30b000 JavaThread "Attach Listener" daemon [_thread_blocked, id=7996, stack(0x000000000cd20000,0x000000000cda0000)]
  0x000000000e2b5000 JavaThread "Finalizer" daemon [_thread_blocked, id=1004, stack(0x000000000e380000,0x000000000e400000)]
  0x000000000e2ab000 JavaThread "Reference Handler" daemon [_thread_blocked, id=5616, stack(0x000000000e000000,0x000000000e080000)]
  0x000000000509e800 JavaThread "main" [_thread_in_native, id=6492, stack(0x0000000000210000,0x0000000004210000)]

Other Threads:
  0x000000000e2a5800 VMThread [stack: 0x0000000080000000,0x0000000084000000] [id=6288]
  0x000000000e335800 WatcherThread [stack: 0x000000008c300000,0x0000000090300000] [id=6892]

VM state:not at safepoint (normal execution)

VM Mutex/Monitor currently owned by a thread: None

Heap
 PSYoungGen      total 13504K, used 6477K [0x000000003d7c0000, 0x000000003e7c0000, 0x00000000408c0000)
  eden space 10688K, 42% used [0x000000003d7c0000,0x000000003dc271a0,0x000000003e230000)
  from space 2816K, 69% used [0x000000003e230000,0x000000003e41c588,0x000000003e4f0000)
  to   space 2816K, 0% used [0x000000003e500000,0x000000003e500000,0x000000003e7c0000)
 PSOldGen        total 84928K, used 80466K [0x00000000344c0000, 0x00000000397b0000, 0x000000003d7c0000)
  object space 84928K, 94% used [0x00000000344c0000,0x0000000039354a40,0x00000000397b0000)
 PSPermGen       total 130752K, used 70078K [0x000000002c4c0000, 0x0000000034470000, 0x00000000344c0000)
  object space 130752K, 53% used [0x000000002c4c0000,0x000000003092f8a0,0x0000000034470000)

Dynamic libraries:
0x000000013f920000 - 0x000000013f952000 	C:\Program Files\MATLAB\R2012a\bin\win64\MATLAB.exe
0x0000000076d90000 - 0x0000000076f39000 	C:\Windows\SYSTEM32\ntdll.dll
0x0000000076c70000 - 0x0000000076d8f000 	C:\Windows\system32\kernel32.dll
0x000007fefcd20000 - 0x000007fefcd8b000 	C:\Windows\system32\KERNELBASE.dll
0x0000000074460000 - 0x0000000074554000 	C:\Program Files\MATLAB\R2012a\bin\win64\libut.dll
0x00000000758a0000 - 0x0000000075952000 	C:\Program Files\MATLAB\R2012a\bin\win64\libmwi18n.dll
0x0000000180000000 - 0x000000018000b000 	C:\Program Files\MATLAB\R2012a\bin\win64\libmwresource_core.dll
0x00000000718f0000 - 0x00000000719c3000 	C:\Windows\WinSxS\amd64_microsoft.vc90.crt_1fc8b3b9a1e18e3b_9.0.30729.6161_none_08e61857a83bc251\MSVCP90.dll
0x0000000071840000 - 0x00000000718e3000 	C:\Windows\WinSxS\amd64_microsoft.vc90.crt_1fc8b3b9a1e18e3b_9.0.30729.6161_none_08e61857a83bc251\MSVCR90.dll
0x000000007a170000 - 0x000000007a19c000 	C:\Program Files\MATLAB\R2012a\bin\win64\boost_filesystem-vc90-mt-1_44.dll
0x000000007a560000 - 0x000000007a569000 	C:\Program Files\MATLAB\R2012a\bin\win64\boost_system-vc90-mt-1_44.dll
0x000007fefd190000 - 0x000007fefd26b000 	C:\Windows\system32\ADVAPI32.dll
0x000007fefdfe0000 - 0x000007fefe07f000 	C:\Windows\system32\msvcrt.dll
0x000007feff080000 - 0x000007feff09f000 	C:\Windows\SYSTEM32\sechost.dll
0x000007fefd810000 - 0x000007fefd93d000 	C:\Windows\system32\RPCRT4.dll
0x000000007a010000 - 0x000000007a035000 	C:\Program Files\MATLAB\R2012a\bin\win64\LIBEXPAT.dll
0x000000006d850000 - 0x000000006da41000 	C:\Program Files\MATLAB\R2012a\bin\win64\icuin44.dll
0x0000000062410000 - 0x0000000062581000 	C:\Program Files\MATLAB\R2012a\bin\win64\icuuc44.dll
0x0000000010000000 - 0x0000000010e41000 	C:\Program Files\MATLAB\R2012a\bin\win64\icudt44.dll
0x0000000073f70000 - 0x00000000740ad000 	C:\Program Files\MATLAB\R2012a\bin\win64\libmwfl.dll
0x0000000004250000 - 0x0000000004546000 	C:\Program Files\MATLAB\R2012a\bin\win64\libmwMATLAB_res.dll
0x000000007a3b0000 - 0x000000007a3c0000 	C:\Program Files\MATLAB\R2012a\bin\win64\boost_date_time-vc90-mt-1_44.dll
0x000000007a250000 - 0x000000007a263000 	C:\Program Files\MATLAB\R2012a\bin\win64\boost_signals-vc90-mt-1_44.dll
0x000000007a2d0000 - 0x000000007a2e2000 	C:\Program Files\MATLAB\R2012a\bin\win64\boost_thread-vc90-mt-1_44.dll
0x0000000004590000 - 0x00000000045d6000 	C:\Program Files\MATLAB\R2012a\bin\win64\tbb.dll
0x000007fefd7f0000 - 0x000007fefd809000 	C:\Windows\system32\imagehlp.dll
0x0000000076f50000 - 0x0000000076f57000 	C:\Windows\system32\PSAPI.DLL
0x0000000072a30000 - 0x0000000072a43000 	C:\Program Files\MATLAB\R2012a\bin\win64\icuio44.dll
0x000007fef5430000 - 0x000007fef5555000 	C:\Windows\system32\dbghelp.dll
0x0000000076b70000 - 0x0000000076c6a000 	C:\Windows\system32\USER32.dll
0x000007fefd4b0000 - 0x000007fefd517000 	C:\Windows\system32\GDI32.dll
0x000007fefcfd0000 - 0x000007fefcfde000 	C:\Windows\system32\LPK.dll
0x000007fefd3d0000 - 0x000007fefd499000 	C:\Windows\system32\USP10.dll
0x000000007bed0000 - 0x000000007c183000 	C:\Program Files\MATLAB\R2012a\bin\win64\libmwservices.dll
0x0000000075a20000 - 0x0000000075ae2000 	C:\Program Files\MATLAB\R2012a\bin\win64\libmx.dll
0x000000007a210000 - 0x000000007a228000 	C:\Program Files\MATLAB\R2012a\bin\win64\zlib1.dll
0x0000000004630000 - 0x0000000004651000 	C:\Program Files\MATLAB\R2012a\bin\win64\libmwmfl_scalar.dll
0x0000000075f10000 - 0x0000000075f5d000 	C:\Program Files\MATLAB\R2012a\bin\win64\mpath.dll
0x000000007b680000 - 0x000000007bbe1000 	C:\Program Files\MATLAB\R2012a\bin\win64\mlutil.dll
0x000000006d7d0000 - 0x000000006d84f000 	C:\Program Files\MATLAB\R2012a\bin\win64\xmlcore.dll
0x000000007bc30000 - 0x000000007be83000 	C:\Program Files\MATLAB\R2012a\bin\win64\xerces-c_2_7.dll
0x000007fefdba0000 - 0x000007fefdbed000 	C:\Windows\system32\WS2_32.dll
0x000007fefd4a0000 - 0x000007fefd4a8000 	C:\Windows\system32\NSI.dll
0x00000000046b0000 - 0x00000000046ca000 	C:\Program Files\MATLAB\R2012a\bin\win64\libmwMATLAB_settings_res.dll
0x00000000046e0000 - 0x0000000004727000 	C:\Program Files\MATLAB\R2012a\bin\win64\boost_serialization-vc90-mt-1_44.dll
0x000007fefe080000 - 0x000007fefee08000 	C:\Windows\system32\SHELL32.dll
0x000007fefdb20000 - 0x000007fefdb91000 	C:\Windows\system32\SHLWAPI.dll
0x000007fef8280000 - 0x000007fef8320000 	C:\Windows\WinSxS\amd64_microsoft.windows.common-controls_6595b64144ccf1df_5.82.7601.17514_none_a4d6a923711520a9\COMCTL32.dll
0x000007fefd0f0000 - 0x000007fefd187000 	C:\Windows\system32\COMDLG32.dll
0x000007fefabe0000 - 0x000007fefabf6000 	C:\Windows\system32\NETAPI32.dll
0x000007fefabd0000 - 0x000007fefabdc000 	C:\Windows\system32\netutils.dll
0x000007fefc6e0000 - 0x000007fefc703000 	C:\Windows\system32\srvcli.dll
0x000007fefabb0000 - 0x000007fefabc5000 	C:\Windows\system32\wkscli.dll
0x000007fefee10000 - 0x000007feff013000 	C:\Windows\system32\ole32.dll
0x000007fefdf00000 - 0x000007fefdfd7000 	C:\Windows\system32\OLEAUT32.dll
0x0000000074970000 - 0x0000000074b06000 	C:\Program Files\MATLAB\R2012a\bin\win64\mcr.dll
0x0000000075000000 - 0x000000007536b000 	C:\Program Files\MATLAB\R2012a\bin\win64\iqm.dll
0x0000000061be0000 - 0x0000000062401000 	C:\Program Files\MATLAB\R2012a\bin\win64\m_interpreter.dll
0x00000000714f0000 - 0x0000000071515000 	C:\Program Files\MATLAB\R2012a\bin\win64\libmex.dll
0x0000000061b20000 - 0x0000000061bd3000 	C:\Program Files\MATLAB\R2012a\bin\win64\m_dispatcher.dll
0x0000000074880000 - 0x000000007496d000 	C:\Program Files\MATLAB\R2012a\bin\win64\boost_regex-vc90-mt-1_44.dll
0x0000000054720000 - 0x00000000547a4000 	C:\Program Files\MATLAB\R2012a\bin\win64\profiler.dll
0x00000000047b0000 - 0x0000000004a05000 	C:\Program Files\MATLAB\R2012a\bin\win64\libmwmathutil.dll
0x0000000079f40000 - 0x0000000079f6d000 	C:\Program Files\MATLAB\R2012a\bin\win64\libmwmathrng.dll
0x0000000074c10000 - 0x0000000074ced000 	C:\Program Files\MATLAB\R2012a\bin\win64\libmwmathcore.dll
0x0000000076160000 - 0x00000000761cb000 	C:\Program Files\MATLAB\R2012a\bin\win64\libmwspmatrix.dll
0x0000000075ea0000 - 0x0000000075f02000 	C:\Program Files\MATLAB\R2012a\bin\win64\libmwcholmod.dll
0x000000007a460000 - 0x000000007a46d000 	C:\Program Files\MATLAB\R2012a\bin\win64\libmwamd.dll
0x000000007a4b0000 - 0x000000007a4bc000 	C:\Program Files\MATLAB\R2012a\bin\win64\libmwcolamd.dll
0x0000000070ca0000 - 0x0000000070cb9000 	C:\Program Files\MATLAB\R2012a\bin\win64\libmwblas.dll
0x0000000070c80000 - 0x0000000070c92000 	C:\Program Files\MATLAB\R2012a\bin\win64\libmwbinder.dll
0x00000000733e0000 - 0x00000000733eb000 	C:\Program Files\MATLAB\R2012a\bin\win64\libmwompwrapper.dll
0x0000000054690000 - 0x0000000054716000 	C:\Program Files\MATLAB\R2012a\bin\win64\libmwlapack.dll
0x000000006d5a0000 - 0x000000006d5c1000 	C:\Program Files\MATLAB\R2012a\bin\win64\m_pcodeio.dll
0x0000000079b10000 - 0x0000000079b77000 	C:\Program Files\MATLAB\R2012a\bin\win64\m_ir.dll
0x0000000050e30000 - 0x0000000051480000 	C:\Program Files\MATLAB\R2012a\bin\win64\m_parser.dll
0x000000006d580000 - 0x000000006d59a000 	C:\Program Files\MATLAB\R2012a\bin\win64\ir_xfmr.dll
0x0000000052630000 - 0x00000000528a9000 	C:\Program Files\MATLAB\R2012a\bin\win64\mcos.dll
0x0000000072a20000 - 0x0000000072a2c000 	C:\Program Files\MATLAB\R2012a\bin\win64\mtok.dll
0x0000000061ae0000 - 0x0000000061b11000 	C:\Program Files\MATLAB\R2012a\bin\win64\m_pcodegen.dll
0x0000000079fb0000 - 0x0000000079fe7000 	C:\Program Files\MATLAB\R2012a\bin\win64\libmwbridge.dll
0x00000000545c0000 - 0x0000000054688000 	C:\Program Files\MATLAB\R2012a\bin\win64\udd.dll
0x0000000054230000 - 0x0000000054382000 	C:\Program Files\MATLAB\R2012a\bin\win64\libmwgui.dll
0x00000000625d0000 - 0x00000000625e7000 	C:\Program Files\MATLAB\R2012a\bin\win64\graphics_util.dll
0x0000000050480000 - 0x0000000050e23000 	C:\Program Files\MATLAB\R2012a\bin\win64\hg.dll
0x0000000004b80000 - 0x0000000004be7000 	C:\Program Files\MATLAB\R2012a\bin\win64\libmat.dll
0x0000000072d30000 - 0x0000000072f44000 	C:\Program Files\MATLAB\R2012a\bin\win64\hdf5dll.dll
0x0000000075710000 - 0x00000000757c1000 	C:\Program Files\MATLAB\R2012a\bin\win64\jmi.dll
0x0000000004c20000 - 0x0000000004c2e000 	C:\Program Files\MATLAB\R2012a\bin\win64\nativejava_services.dll
0x0000000054570000 - 0x00000000545b2000 	C:\Program Files\MATLAB\R2012a\bin\win64\libmwhardcopy.dll
0x00000000525d0000 - 0x000000005262a000 	C:\Program Files\MATLAB\R2012a\bin\win64\libuij.dll
0x00000000523c0000 - 0x00000000525cc000 	C:\Program Files\MATLAB\R2012a\bin\win64\hgdatatypes.dll
0x00000000522c0000 - 0x00000000523bd000 	C:\Program Files\MATLAB\R2012a\bin\win64\hgutils.dll
0x00000000503c0000 - 0x000000005047d000 	C:\Program Files\MATLAB\R2012a\bin\win64\udd_mi.dll
0x0000000004c90000 - 0x0000000004ccb000 	C:\Program Files\MATLAB\R2012a\bin\win64\libmwgbtutils.dll
0x0000000004ce0000 - 0x0000000004cf9000 	C:\Program Files\MATLAB\R2012a\bin\win64\libmwgbt.dll
0x0000000004d10000 - 0x0000000004fda000 	C:\Program Files\MATLAB\R2012a\bin\win64\uiw.dll
0x000000006d7c0000 - 0x000000006d7cf000 	C:\Program Files\MATLAB\R2012a\bin\win64\uinone.dll
0x000007fef6650000 - 0x000007fef6668000 	C:\Windows\system32\MPR.dll
0x0000000077b10000 - 0x0000000077ff4000 	C:\Windows\WinSxS\amd64_microsoft.vc90.mfc_1fc8b3b9a1e18e3b_9.0.30729.6161_none_044aad0bab1eb146\mfc90.dll
0x000007fef8870000 - 0x000007fef8877000 	C:\Windows\system32\MSIMG32.dll
0x000007fef8200000 - 0x000007fef8271000 	C:\Windows\system32\WINSPOOL.DRV
0x0000000061ac0000 - 0x0000000061ae0000 	C:\Program Files\MATLAB\R2012a\bin\win64\mwoles05.DLL
0x0000000052080000 - 0x00000000520fc000 	C:\Program Files\MATLAB\R2012a\bin\win64\comcli.dll
0x00000000613c0000 - 0x00000000613ef000 	C:\Windows\WinSxS\amd64_microsoft.vc90.atl_1fc8b3b9a1e18e3b_9.0.30729.6161_none_0a1fd3a3a768b895\ATL90.DLL
0x000000006c040000 - 0x000000006c04c000 	C:\Program Files\MATLAB\R2012a\bin\win64\mlautoregister.dll
0x0000000005030000 - 0x0000000005040000 	C:\Program Files\MATLAB\R2012a\bin\win64\boost_iostreams-vc90-mt-1_44.dll
0x000007fefcfa0000 - 0x000007fefcfce000 	C:\Windows\system32\IMM32.DLL
0x000007fefcfe0000 - 0x000007fefd0e9000 	C:\Windows\system32\MSCTF.dll
0x000007fefb300000 - 0x000007fefb356000 	C:\Windows\system32\UxTheme.dll
0x000007fefaed0000 - 0x000007fefaee8000 	C:\Windows\system32\dwmapi.dll
0x00000000673a0000 - 0x00000000673ad000 	C:\Windows\WinSxS\amd64_microsoft.vc90.mfcloc_1fc8b3b9a1e18e3b_9.0.30729.6161_none_01c9581e60cbee58\MFC90ENU.DLL
0x0000000005430000 - 0x0000000005459000 	C:\Program Files\MATLAB\R2012a\bin\win64\tbbmalloc.dll
0x000007fefcb70000 - 0x000007fefcb7f000 	C:\Windows\system32\profapi.dll
0x000007fefb4d0000 - 0x000007fefb4df000 	C:\Program Files\MATLAB\R2012a\bin\win64\xmlxrcsc.dll
0x0000000078870000 - 0x0000000078ecd000 	C:\Program Files\MATLAB\R2012a\sys\java\jre\win64\jre\bin\server\jvm.dll
0x000007fefa350000 - 0x000007fefa38b000 	C:\Windows\system32\WINMM.dll
0x000007fef9cd0000 - 0x000007fef9cf7000 	C:\Windows\system32\iphlpapi.dll
0x000007fef9cb0000 - 0x000007fef9cbb000 	C:\Windows\system32\WINNSI.DLL
0x000007fefc260000 - 0x000007fefc2bb000 	C:\Windows\system32\DNSAPI.dll
0x000007fef9ad0000 - 0x000007fef9ae8000 	C:\Windows\system32\dhcpcsvc.DLL
0x000007fef9aa0000 - 0x000007fef9ab1000 	C:\Windows\system32\dhcpcsvc6.DLL
0x000007fefca10000 - 0x000007fefca35000 	C:\Windows\system32\SspiCli.dll
0x0000000061ab0000 - 0x0000000061ab3000 	C:\Windows\system32\icmp.Dll
0x000007fefca40000 - 0x000007fefca4f000 	C:\Windows\system32\CRYPTBASE.dll
0x000007fefcdf0000 - 0x000007fefce26000 	C:\Windows\system32\CFGMGR32.dll
0x000007fefd520000 - 0x000007fefd5b9000 	C:\Windows\system32\CLBCatQ.DLL
0x000000007a440000 - 0x000000007a44e000 	C:\Program Files\MATLAB\R2012a\sys\java\jre\win64\jre\bin\verify.dll

VM Arguments:
jvm_args: -Xss512k -XX:PermSize=32m -Xms64m -XX:NewRatio=3 -XX:MaxPermSize=128m -Xmx196m -XX:MaxDirectMemorySize=2147400000 -Dsun.java2d.noddraw=true -Dsun.awt.nopixfmt=true -Xshare:off -Xrs -Dsun.awt.disableMixing=true -Djava.library.path=C:\Program Files\MATLAB\R2012a\bin\win64 vfprintf abort 
java_command: <unknown>
Launcher Type: generic

Environment Variables:
CLASSPATH=.;C:\Program Files (x86)\Java\jre7\lib\ext\QTJava.zip
PATH=C:\Program Files\Common Files\Microsoft Shared\Windows Live;C:\Program Files (x86)\Common Files\Microsoft Shared\Windows Live;C:\Program Files (x86)\NVIDIA Corporation\PhysX\Common;C:\Program Files (x86)\ImageMagick-6.7.7-Q16;C:\Windows\system32;C:\Windows;C:\Windows\System32\Wbem;C:\Windows\System32\WindowsPowerShell\v1.0\;C:\Program Files\Intel\WiFi\bin\;C:\Program Files\Common Files\Intel\WirelessCommon\;C:\Program Files\TortoiseSVN\bin;C:\Program Files\MiKTeX 2.9\miktex\bin\x64\;C:\Program Files\MATLAB\R2012a\bin;C:\Program Files (x86)\Windows Live\Shared;C:\Program Files (x86)\Calibre2\;C:\Program Files (x86)\QuickTime\QTSystem\;C:\Program Files (x86)\SSH Communications Security\SSH Secure Shell
USERNAME=ashao
OS=Windows_NT
PROCESSOR_IDENTIFIER=Intel64 Family 6 Model 30 Stepping 5, GenuineIntel



---------------  S Y S T E M  ---------------

OS: Windows 7 Build 7601 Service Pack 1

CPU:total 8 (8 cores per cpu, 2 threads per core) family 6 model 30 stepping 5, cmov, cx8, fxsr, mmx, sse, sse2, sse3, ssse3, sse4.1, sse4.2, ht

Memory: 4k page, physical 8378196k(4140480k free), swap 16754532k(11882596k free)

vm_info: Java HotSpot(TM) 64-Bit Server VM (14.3-b01) for windows-amd64 JRE (1.6.0_17-b04), built on Oct 11 2009 00:46:08 by "java_re" with MS VC++ 8.0

time: Fri Jul 12 15:42:12 2013
elapsed time: 5021 seconds

