#
# A fatal error has been detected by the Java Runtime Environment:
#
#  EXCEPTION_ACCESS_VIOLATION (0xc0000005) at pc=0x000000000f0a2e46, pid=5476, tid=6816
#
# JRE version: 6.0_17-b04
# Java VM: Java HotSpot(TM) 64-Bit Server VM (14.3-b01 mixed mode windows-amd64 )
# Problematic frame:
# V  [jvm.dll+0x382e46]
#
# If you would like to submit a bug report, please visit:
#   http://java.sun.com/webapps/bugreport/crash.jsp
#

---------------  T H R E A D  ---------------

Current thread (0x0000000006a59800):  GCTaskThread [stack: 0x0000000061430000,0x0000000065430000] [id=6816]

siginfo: ExceptionCode=0xc0000005, reading address 0x000000012d923290

Registers:
EAX=0x0000000000000001, EBX=0x000000003e9e9cc0, ECX=0x000000002cd70bb0, EDX=0x000000000fd33b10
ESP=0x000000006542f300, EBP=0x0000000000000005, ESI=0x000000000fd33b10, EDI=0x000000003e9e9cd0
EIP=0x000000000f0a2e46, EFLAGS=0x0000000000010202

Top of Stack: (sp=0x000000006542f300)
0x000000006542f300:   000000003e9e9ca0 000000000f08eb83
0x000000006542f310:   000000003e9e9ca0 000000003e91b900
0x000000006542f320:   000000003e9dabf8 000000003ee29ca8
0x000000006542f330:   000000000fd33b10 000000000f0ea252
0x000000006542f340:   000000003e9e9c90 0000000000000003
0x000000006542f350:   000000000fd33b10 000000003e9e9ca8
0x000000006542f360:   000000003e9e2c10 0000000000001000
0x000000006542f370:   000000003770c7f0 0000000000000400
0x000000006542f380:   0000000000000000 0000000006a47e00
0x000000006542f390:   000000000fd33b10 000000000fd33b10
0x000000006542f3a0:   000000000f7c028d 0000000034d21a00
0x000000006542f3b0:   000000000000168c 000000000f0eb7b9
0x000000006542f3c0:   0000000000000048 0000000000000011
0x000000006542f3d0:   0000000000000001 000000003e9e9ca0
0x000000006542f3e0:   0000000000000000 0000000000000000
0x000000006542f3f0:   0000000000000000 000000003e9e9ca0 

Instructions: (pc=0x000000000f0a2e46)
0x000000000f0a2e36:   74 68 4c 3b 05 21 d1 25 00 0f 93 c0 84 c0 74 5a
0x000000000f0a2e46:   49 8b 00 24 03 3c 03 75 46 4d 8b 00 80 3d 98 ec 


Stack: [0x0000000061430000,0x0000000065430000],  sp=0x000000006542f300,  free space=65532k
Native frames: (J=compiled Java code, j=interpreted, Vv=VM code, C=native code)
V  [jvm.dll+0x382e46]


---------------  P R O C E S S  ---------------

Java Threads: ( => current thread )
  0x000000004d629800 JavaThread "pool-7-thread-1" [_thread_blocked, id=4452, stack(0x0000000025870000,0x00000000258f0000)]
  0x000000004d630000 JavaThread "Code Analyzer updating thread" [_thread_blocked, id=7408, stack(0x00000000581a0000,0x0000000058220000)]
  0x000000004d62f800 JavaThread "Code Analyzer updating thread" [_thread_blocked, id=4864, stack(0x000000005c4f0000,0x000000005c570000)]
  0x000000004d62e800 JavaThread "Code Analyzer updating thread" [_thread_blocked, id=5704, stack(0x000000004fb70000,0x000000004fbf0000)]
  0x000000004d62e000 JavaThread "Timer-3" [_thread_blocked, id=6052, stack(0x00000000410d0000,0x0000000041150000)]
  0x000000004d62c800 JavaThread "Code Analyzer updating thread" [_thread_blocked, id=1840, stack(0x00000000252f0000,0x0000000025370000)]
  0x000000004d62c000 JavaThread "Active Reference Queue Daemon" daemon [_thread_blocked, id=724, stack(0x000000004fdf0000,0x000000004fe70000)]
  0x000000004d62b000 JavaThread "Timer-2" daemon [_thread_blocked, id=7388, stack(0x000000004fc80000,0x000000004fd00000)]
  0x000000004d62a800 JavaThread "Timer-1" daemon [_thread_blocked, id=3812, stack(0x000000004fc00000,0x000000004fc80000)]
  0x000000004d629000 JavaThread "TimerQueue" daemon [_thread_blocked, id=3740, stack(0x0000000010f50000,0x0000000010fd0000)]
  0x000000004d716000 JavaThread "FelixPackageAdmin" daemon [_thread_blocked, id=7544, stack(0x000000000a8a0000,0x000000000a920000)]
  0x000000004d89d000 JavaThread "FelixStartLevel" daemon [_thread_blocked, id=2628, stack(0x0000000015090000,0x0000000015110000)]
  0x000000004d89c800 JavaThread "FelixDispatchQueue" daemon [_thread_blocked, id=3820, stack(0x0000000009560000,0x00000000095e0000)]
  0x000000004d34d800 JavaThread "AWT-EventQueue-0" [_thread_blocked, id=5016, stack(0x000000000f8a0000,0x000000000f920000)]
  0x000000004d306800 JavaThread "com.google.common.base.internal.Finalizer" daemon [_thread_blocked, id=4192, stack(0x000000000a7f0000,0x000000000a870000)]
  0x0000000009bd0800 JavaThread "AWT-Windows" daemon [_thread_in_native, id=2696, stack(0x000000000a430000,0x000000000a4b0000)]
  0x0000000009bcf800 JavaThread "AWT-Shutdown" [_thread_blocked, id=7864, stack(0x000000000a630000,0x000000000a6b0000)]
  0x0000000009bcf000 JavaThread "Java2D Disposer" daemon [_thread_blocked, id=2184, stack(0x000000000a770000,0x000000000a7f0000)]
  0x000000000a1c9800 JavaThread "Timer-0" [_thread_blocked, id=4000, stack(0x000000000a2b0000,0x000000000a330000)]
  0x000000000a165000 JavaThread "EventMgr Dispatcher" daemon [_thread_in_native, id=5164, stack(0x0000000010ff0000,0x0000000014ff0000)]
  0x000000000fde8800 JavaThread "Low Memory Detector" daemon [_thread_blocked, id=1108, stack(0x00000000095e0000,0x0000000009660000)]
  0x000000000fde4000 JavaThread "CompilerThread1" daemon [_thread_blocked, id=6980, stack(0x0000000080000000,0x0000000084000000)]
  0x000000000fddb800 JavaThread "CompilerThread0" daemon [_thread_blocked, id=6948, stack(0x0000000069640000,0x000000006d640000)]
  0x000000000fddb000 JavaThread "Attach Listener" daemon [_thread_blocked, id=3480, stack(0x0000000009470000,0x00000000094f0000)]
  0x000000000fd85000 JavaThread "Finalizer" daemon [_thread_blocked, id=1056, stack(0x000000000fa70000,0x000000000faf0000)]
  0x000000000fd7b000 JavaThread "Reference Handler" daemon [_thread_blocked, id=2656, stack(0x000000000f9f0000,0x000000000fa70000)]
  0x0000000006ade800 JavaThread "main" [_thread_in_native, id=7044, stack(0x0000000000060000,0x0000000004060000)]

Other Threads:
  0x000000000fd75800 VMThread [stack: 0x0000000065510000,0x0000000069510000] [id=6236]
  0x000000000fe05800 WatcherThread [stack: 0x0000000084140000,0x0000000088140000] [id=412]

=>0x0000000006a59800 (exited) GCTaskThread [stack: 0x0000000061430000,0x0000000065430000] [id=6816]

VM state:at safepoint (normal execution)

VM Mutex/Monitor currently owned by a thread:  ([mutex/lock_event])
[0x0000000006a40630] Threads_lock - owner thread: 0x000000000fd75800
[0x0000000006a40b30] Heap_lock - owner thread: 0x000000004d34d800

Heap
 PSYoungGen      total 12800K, used 11556K [0x000000003dfd0000, 0x000000003f090000, 0x00000000410d0000)
  eden space 8960K, 100% used [0x000000003dfd0000,0x000000003e890000,0x000000003e890000)
  from space 3840K, 67% used [0x000000003ecd0000,0x000000003ef590f0,0x000000003f090000)
  to   space 4096K, 44% used [0x000000003e890000,0x000000003ea52c10,0x000000003ec90000)
 PSOldGen        total 65664K, used 43281K [0x0000000034cd0000, 0x0000000038cf0000, 0x000000003dfd0000)
  object space 65664K, 65% used [0x0000000034cd0000,0x00000000377147f0,0x0000000038cf0000)
 PSPermGen       total 92928K, used 60429K [0x000000002ccd0000, 0x0000000032790000, 0x0000000034cd0000)
  object space 92928K, 65% used [0x000000002ccd0000,0x00000000307d35d8,0x0000000032790000)

Dynamic libraries:
0x000000013f3b0000 - 0x000000013f3e2000 	C:\Program Files\MATLAB\R2012a\bin\win64\MATLAB.exe
0x0000000076ed0000 - 0x0000000077079000 	C:\Windows\SYSTEM32\ntdll.dll
0x0000000076cb0000 - 0x0000000076dcf000 	C:\Windows\system32\kernel32.dll
0x000007fefcdb0000 - 0x000007fefce1b000 	C:\Windows\system32\KERNELBASE.dll
0x0000000074460000 - 0x0000000074554000 	C:\Program Files\MATLAB\R2012a\bin\win64\libut.dll
0x00000000758a0000 - 0x0000000075952000 	C:\Program Files\MATLAB\R2012a\bin\win64\libmwi18n.dll
0x0000000180000000 - 0x000000018000b000 	C:\Program Files\MATLAB\R2012a\bin\win64\libmwresource_core.dll
0x0000000070ee0000 - 0x0000000070fb3000 	C:\Windows\WinSxS\amd64_microsoft.vc90.crt_1fc8b3b9a1e18e3b_9.0.30729.6161_none_08e61857a83bc251\MSVCP90.dll
0x0000000070e30000 - 0x0000000070ed3000 	C:\Windows\WinSxS\amd64_microsoft.vc90.crt_1fc8b3b9a1e18e3b_9.0.30729.6161_none_08e61857a83bc251\MSVCR90.dll
0x000000007a170000 - 0x000000007a19c000 	C:\Program Files\MATLAB\R2012a\bin\win64\boost_filesystem-vc90-mt-1_44.dll
0x000000007a560000 - 0x000000007a569000 	C:\Program Files\MATLAB\R2012a\bin\win64\boost_system-vc90-mt-1_44.dll
0x000007fefeed0000 - 0x000007fefefab000 	C:\Windows\system32\ADVAPI32.dll
0x000007fefdf80000 - 0x000007fefe01f000 	C:\Windows\system32\msvcrt.dll
0x000007fefefb0000 - 0x000007fefefcf000 	C:\Windows\SYSTEM32\sechost.dll
0x000007fefe0a0000 - 0x000007fefe1cd000 	C:\Windows\system32\RPCRT4.dll
0x000000007a010000 - 0x000000007a035000 	C:\Program Files\MATLAB\R2012a\bin\win64\LIBEXPAT.dll
0x0000000073590000 - 0x0000000073781000 	C:\Program Files\MATLAB\R2012a\bin\win64\icuin44.dll
0x0000000073c60000 - 0x0000000073dd1000 	C:\Program Files\MATLAB\R2012a\bin\win64\icuuc44.dll
0x0000000010000000 - 0x0000000010e41000 	C:\Program Files\MATLAB\R2012a\bin\win64\icudt44.dll
0x0000000073f70000 - 0x00000000740ad000 	C:\Program Files\MATLAB\R2012a\bin\win64\libmwfl.dll
0x00000000042e0000 - 0x00000000045d6000 	C:\Program Files\MATLAB\R2012a\bin\win64\libmwMATLAB_res.dll
0x000000007a3b0000 - 0x000000007a3c0000 	C:\Program Files\MATLAB\R2012a\bin\win64\boost_date_time-vc90-mt-1_44.dll
0x000000007a250000 - 0x000000007a263000 	C:\Program Files\MATLAB\R2012a\bin\win64\boost_signals-vc90-mt-1_44.dll
0x000000007a2d0000 - 0x000000007a2e2000 	C:\Program Files\MATLAB\R2012a\bin\win64\boost_thread-vc90-mt-1_44.dll
0x0000000004190000 - 0x00000000041d6000 	C:\Program Files\MATLAB\R2012a\bin\win64\tbb.dll
0x000007fefe6d0000 - 0x000007fefe6e9000 	C:\Windows\system32\imagehlp.dll
0x0000000077090000 - 0x0000000077097000 	C:\Windows\system32\PSAPI.DLL
0x000000007a280000 - 0x000000007a293000 	C:\Program Files\MATLAB\R2012a\bin\win64\icuio44.dll
0x000007fefa060000 - 0x000007fefa185000 	C:\Windows\system32\dbghelp.dll
0x0000000076dd0000 - 0x0000000076eca000 	C:\Windows\system32\USER32.dll
0x000007fefd0e0000 - 0x000007fefd147000 	C:\Windows\system32\GDI32.dll
0x000007fefe6f0000 - 0x000007fefe6fe000 	C:\Windows\system32\LPK.dll
0x000007fefe410000 - 0x000007fefe4d9000 	C:\Windows\system32\USP10.dll
0x000000007bed0000 - 0x000000007c183000 	C:\Program Files\MATLAB\R2012a\bin\win64\libmwservices.dll
0x0000000075a20000 - 0x0000000075ae2000 	C:\Program Files\MATLAB\R2012a\bin\win64\libmx.dll
0x000000007a210000 - 0x000000007a228000 	C:\Program Files\MATLAB\R2012a\bin\win64\zlib1.dll
0x0000000004630000 - 0x0000000004651000 	C:\Program Files\MATLAB\R2012a\bin\win64\libmwmfl_scalar.dll
0x0000000075f10000 - 0x0000000075f5d000 	C:\Program Files\MATLAB\R2012a\bin\win64\mpath.dll
0x000000007b680000 - 0x000000007bbe1000 	C:\Program Files\MATLAB\R2012a\bin\win64\mlutil.dll
0x00000000754b0000 - 0x000000007552f000 	C:\Program Files\MATLAB\R2012a\bin\win64\xmlcore.dll
0x000000007bc30000 - 0x000000007be83000 	C:\Program Files\MATLAB\R2012a\bin\win64\xerces-c_2_7.dll
0x000007fefe780000 - 0x000007fefe7cd000 	C:\Windows\system32\WS2_32.dll
0x000007fefe400000 - 0x000007fefe408000 	C:\Windows\system32\NSI.dll
0x00000000046b0000 - 0x00000000046ca000 	C:\Program Files\MATLAB\R2012a\bin\win64\libmwMATLAB_settings_res.dll
0x00000000046e0000 - 0x0000000004727000 	C:\Program Files\MATLAB\R2012a\bin\win64\boost_serialization-vc90-mt-1_44.dll
0x000007fefd1f0000 - 0x000007fefdf78000 	C:\Windows\system32\SHELL32.dll
0x000007fefe700000 - 0x000007fefe771000 	C:\Windows\system32\SHLWAPI.dll
0x000007fef81a0000 - 0x000007fef8240000 	C:\Windows\WinSxS\amd64_microsoft.windows.common-controls_6595b64144ccf1df_5.82.7601.17514_none_a4d6a923711520a9\COMCTL32.dll
0x000007fefd150000 - 0x000007fefd1e7000 	C:\Windows\system32\COMDLG32.dll
0x000007fefa940000 - 0x000007fefa956000 	C:\Windows\system32\NETAPI32.dll
0x000007fefa930000 - 0x000007fefa93c000 	C:\Windows\system32\netutils.dll
0x000007fefc7c0000 - 0x000007fefc7e3000 	C:\Windows\system32\srvcli.dll
0x000007fefa910000 - 0x000007fefa925000 	C:\Windows\system32\wkscli.dll
0x000007fefefd0000 - 0x000007feff1d3000 	C:\Windows\system32\ole32.dll
0x000007fefe4e0000 - 0x000007fefe5b7000 	C:\Windows\system32\OLEAUT32.dll
0x0000000074970000 - 0x0000000074b06000 	C:\Program Files\MATLAB\R2012a\bin\win64\mcr.dll
0x0000000075000000 - 0x000000007536b000 	C:\Program Files\MATLAB\R2012a\bin\win64\iqm.dll
0x0000000004760000 - 0x0000000004f81000 	C:\Program Files\MATLAB\R2012a\bin\win64\m_interpreter.dll
0x00000000798e0000 - 0x0000000079905000 	C:\Program Files\MATLAB\R2012a\bin\win64\libmex.dll
0x00000000742f0000 - 0x00000000743a3000 	C:\Program Files\MATLAB\R2012a\bin\win64\m_dispatcher.dll
0x0000000074880000 - 0x000000007496d000 	C:\Program Files\MATLAB\R2012a\bin\win64\boost_regex-vc90-mt-1_44.dll
0x0000000004fd0000 - 0x0000000005054000 	C:\Program Files\MATLAB\R2012a\bin\win64\profiler.dll
0x0000000005070000 - 0x00000000052c5000 	C:\Program Files\MATLAB\R2012a\bin\win64\libmwmathutil.dll
0x0000000079f40000 - 0x0000000079f6d000 	C:\Program Files\MATLAB\R2012a\bin\win64\libmwmathrng.dll
0x0000000074c10000 - 0x0000000074ced000 	C:\Program Files\MATLAB\R2012a\bin\win64\libmwmathcore.dll
0x0000000076160000 - 0x00000000761cb000 	C:\Program Files\MATLAB\R2012a\bin\win64\libmwspmatrix.dll
0x0000000075ea0000 - 0x0000000075f02000 	C:\Program Files\MATLAB\R2012a\bin\win64\libmwcholmod.dll
0x000000007a460000 - 0x000000007a46d000 	C:\Program Files\MATLAB\R2012a\bin\win64\libmwamd.dll
0x000000007a4b0000 - 0x000000007a4bc000 	C:\Program Files\MATLAB\R2012a\bin\win64\libmwcolamd.dll
0x00000000794d0000 - 0x00000000794e9000 	C:\Program Files\MATLAB\R2012a\bin\win64\libmwblas.dll
0x0000000079fc0000 - 0x0000000079fd2000 	C:\Program Files\MATLAB\R2012a\bin\win64\libmwbinder.dll
0x000000005d260000 - 0x000000005d26b000 	C:\Program Files\MATLAB\R2012a\bin\win64\libmwompwrapper.dll
0x0000000005370000 - 0x00000000053f6000 	C:\Program Files\MATLAB\R2012a\bin\win64\libmwlapack.dll
0x00000000793f0000 - 0x0000000079411000 	C:\Program Files\MATLAB\R2012a\bin\win64\m_pcodeio.dll
0x0000000079b10000 - 0x0000000079b77000 	C:\Program Files\MATLAB\R2012a\bin\win64\m_ir.dll
0x0000000078d90000 - 0x00000000793e0000 	C:\Program Files\MATLAB\R2012a\bin\win64\m_parser.dll
0x000000007a1b0000 - 0x000000007a1ca000 	C:\Program Files\MATLAB\R2012a\bin\win64\ir_xfmr.dll
0x0000000005450000 - 0x00000000056c9000 	C:\Program Files\MATLAB\R2012a\bin\win64\mcos.dll
0x000000005d110000 - 0x000000005d11c000 	C:\Program Files\MATLAB\R2012a\bin\win64\mtok.dll
0x0000000079930000 - 0x0000000079961000 	C:\Program Files\MATLAB\R2012a\bin\win64\m_pcodegen.dll
0x0000000005700000 - 0x0000000005737000 	C:\Program Files\MATLAB\R2012a\bin\win64\libmwbridge.dll
0x0000000005750000 - 0x0000000005818000 	C:\Program Files\MATLAB\R2012a\bin\win64\udd.dll
0x00000000737f0000 - 0x0000000073942000 	C:\Program Files\MATLAB\R2012a\bin\win64\libmwgui.dll
0x000000007a0a0000 - 0x000000007a0b7000 	C:\Program Files\MATLAB\R2012a\bin\win64\graphics_util.dll
0x0000000005850000 - 0x00000000061f3000 	C:\Program Files\MATLAB\R2012a\bin\win64\hg.dll
0x0000000006210000 - 0x0000000006277000 	C:\Program Files\MATLAB\R2012a\bin\win64\libmat.dll
0x0000000072d30000 - 0x0000000072f44000 	C:\Program Files\MATLAB\R2012a\bin\win64\hdf5dll.dll
0x0000000075710000 - 0x00000000757c1000 	C:\Program Files\MATLAB\R2012a\bin\win64\jmi.dll
0x00000000062b0000 - 0x00000000062be000 	C:\Program Files\MATLAB\R2012a\bin\win64\nativejava_services.dll
0x0000000075c50000 - 0x0000000075c92000 	C:\Program Files\MATLAB\R2012a\bin\win64\libmwhardcopy.dll
0x00000000753a0000 - 0x00000000753fa000 	C:\Program Files\MATLAB\R2012a\bin\win64\libuij.dll
0x00000000721b0000 - 0x00000000723bc000 	C:\Program Files\MATLAB\R2012a\bin\win64\hgdatatypes.dll
0x0000000074d60000 - 0x0000000074e5d000 	C:\Program Files\MATLAB\R2012a\bin\win64\hgutils.dll
0x0000000006310000 - 0x00000000063cd000 	C:\Program Files\MATLAB\R2012a\bin\win64\udd_mi.dll
0x00000000063e0000 - 0x000000000641b000 	C:\Program Files\MATLAB\R2012a\bin\win64\libmwgbtutils.dll
0x0000000006430000 - 0x0000000006449000 	C:\Program Files\MATLAB\R2012a\bin\win64\libmwgbt.dll
0x0000000006460000 - 0x000000000672a000 	C:\Program Files\MATLAB\R2012a\bin\win64\uiw.dll
0x0000000050000000 - 0x000000005000f000 	C:\Program Files\MATLAB\R2012a\bin\win64\uinone.dll
0x000007fef9e00000 - 0x000007fef9e18000 	C:\Windows\system32\MPR.dll
0x0000000077cf0000 - 0x00000000781d4000 	C:\Windows\WinSxS\amd64_microsoft.vc90.mfc_1fc8b3b9a1e18e3b_9.0.30729.6161_none_044aad0bab1eb146\mfc90.dll
0x000007fef52c0000 - 0x000007fef52c7000 	C:\Windows\system32\MSIMG32.dll
0x000007fef8120000 - 0x000007fef8191000 	C:\Windows\system32\WINSPOOL.DRV
0x0000000079700000 - 0x0000000079720000 	C:\Program Files\MATLAB\R2012a\bin\win64\mwoles05.DLL
0x0000000006760000 - 0x00000000067dc000 	C:\Program Files\MATLAB\R2012a\bin\win64\comcli.dll
0x0000000078b30000 - 0x0000000078b5f000 	C:\Windows\WinSxS\amd64_microsoft.vc90.atl_1fc8b3b9a1e18e3b_9.0.30729.6161_none_0a1fd3a3a768b895\ATL90.DLL
0x0000000079620000 - 0x000000007962c000 	C:\Program Files\MATLAB\R2012a\bin\win64\mlautoregister.dll
0x0000000006800000 - 0x0000000006810000 	C:\Program Files\MATLAB\R2012a\bin\win64\boost_iostreams-vc90-mt-1_44.dll
0x000007fefeea0000 - 0x000007fefeece000 	C:\Windows\system32\IMM32.DLL
0x000007fefe5c0000 - 0x000007fefe6c9000 	C:\Windows\system32\MSCTF.dll
0x000007fefb440000 - 0x000007fefb496000 	C:\Windows\system32\UxTheme.dll
0x000007fefb010000 - 0x000007fefb028000 	C:\Windows\system32\dwmapi.dll
0x000000005cd30000 - 0x000000005cd3d000 	C:\Windows\WinSxS\amd64_microsoft.vc90.mfcloc_1fc8b3b9a1e18e3b_9.0.30729.6161_none_01c9581e60cbee58\MFC90ENU.DLL
0x0000000006960000 - 0x0000000006989000 	C:\Program Files\MATLAB\R2012a\bin\win64\tbbmalloc.dll
0x000007fefccb0000 - 0x000007fefccbf000 	C:\Windows\system32\profapi.dll
0x000007fefb5f0000 - 0x000007fefb5ff000 	C:\Program Files\MATLAB\R2012a\bin\win64\xmlxrcsc.dll
0x000000000ed20000 - 0x000000000f37d000 	C:\Program Files\MATLAB\R2012a\sys\java\jre\win64\jre\bin\server\jvm.dll
0x000007fefa790000 - 0x000007fefa7cb000 	C:\Windows\system32\WINMM.dll
0x000007fef9ab0000 - 0x000007fef9ad7000 	C:\Windows\system32\iphlpapi.dll
0x000007fef9560000 - 0x000007fef956b000 	C:\Windows\system32\WINNSI.DLL
0x000007fefc350000 - 0x000007fefc3ab000 	C:\Windows\system32\DNSAPI.dll
0x000007fef9470000 - 0x000007fef9481000 	C:\Windows\system32\dhcpcsvc6.DLL
0x000007fef9490000 - 0x000007fef94a8000 	C:\Windows\system32\dhcpcsvc.DLL
0x000007fefcb10000 - 0x000007fefcb35000 	C:\Windows\system32\SspiCli.dll
0x0000000006b20000 - 0x0000000006b23000 	C:\Windows\system32\icmp.Dll
0x000007fefcba0000 - 0x000007fefcbaf000 	C:\Windows\system32\CRYPTBASE.dll
0x000007fefd080000 - 0x000007fefd0b6000 	C:\Windows\system32\CFGMGR32.dll
0x000007fefec20000 - 0x000007fefecb9000 	C:\Windows\system32\CLBCatQ.DLL
0x000000007a440000 - 0x000000007a44e000 	C:\Program Files\MATLAB\R2012a\sys\java\jre\win64\jre\bin\verify.dll

VM Arguments:
jvm_args: -Xss512k -XX:PermSize=32m -Xms64m -XX:NewRatio=3 -XX:MaxPermSize=128m -Xmx196m -XX:MaxDirectMemorySize=2147400000 -Dsun.java2d.noddraw=true -Dsun.awt.nopixfmt=true -Xshare:off -Xrs -Dsun.awt.disableMixing=true -Djava.library.path=C:\Program Files\MATLAB\R2012a\bin\win64 vfprintf abort 
java_command: <unknown>
Launcher Type: generic

Environment Variables:
CLASSPATH=.;C:\Program Files (x86)\Java\jre7\lib\ext\QTJava.zip
PATH=C:\Program Files\Common Files\Microsoft Shared\Windows Live;C:\Program Files (x86)\Common Files\Microsoft Shared\Windows Live;C:\Program Files (x86)\NVIDIA Corporation\PhysX\Common;C:\Program Files (x86)\ImageMagick-6.7.7-Q16;C:\Windows\system32;C:\Windows;C:\Windows\System32\Wbem;C:\Windows\System32\WindowsPowerShell\v1.0\;C:\Program Files\Intel\WiFi\bin\;C:\Program Files\Common Files\Intel\WirelessCommon\;C:\Program Files\TortoiseSVN\bin;C:\Program Files\MiKTeX 2.9\miktex\bin\x64\;C:\Program Files\MATLAB\R2012a\bin;C:\Program Files (x86)\Windows Live\Shared;C:\Program Files (x86)\Calibre2\;C:\Program Files (x86)\QuickTime\QTSystem\;C:\Program Files (x86)\SSH Communications Security\SSH Secure Shell
USERNAME=ashao
OS=Windows_NT
PROCESSOR_IDENTIFIER=Intel64 Family 6 Model 30 Stepping 5, GenuineIntel



---------------  S Y S T E M  ---------------

OS: Windows 7 Build 7601 Service Pack 1

CPU:total 8 (8 cores per cpu, 2 threads per core) family 6 model 30 stepping 5, cmov, cx8, fxsr, mmx, sse, sse2, sse3, ssse3, sse4.1, sse4.2, ht

Memory: 4k page, physical 8378196k(4160264k free), swap 16754532k(12087800k free)

vm_info: Java HotSpot(TM) 64-Bit Server VM (14.3-b01) for windows-amd64 JRE (1.6.0_17-b04), built on Oct 11 2009 00:46:08 by "java_re" with MS VC++ 8.0

time: Mon Jul 15 15:53:44 2013
elapsed time: 2053 seconds

